
SQL*Plus: Release 9.2.0.1.0 - Production on Sat Jun 17 20:42:40 2006

Copyright (c) 1982, 2002, Oracle Corporation.  All rights reserved.


Connected to:
Oracle9i Enterprise Edition Release 9.2.0.5.0 - 64bit Production
With the Partitioning, Real Application Clusters, OLAP and Oracle Data Mining options
JServer Release 9.2.0.5.0 - Production

SQL> SQL> 
PL/SQL procedure successfully completed.

SQL> Disconnected from Oracle9i Enterprise Edition Release 9.2.0.5.0 - 64bit Production
With the Partitioning, Real Application Clusters, OLAP and Oracle Data Mining options
JServer Release 9.2.0.5.0 - Production

SQL*Plus: Release 9.2.0.1.0 - Production on Sat Jun 17 21:14:53 2006

Copyright (c) 1982, 2002, Oracle Corporation.  All rights reserved.


Connected to:
Oracle9i Enterprise Edition Release 9.2.0.5.0 - 64bit Production
With the Partitioning, Real Application Clusters, OLAP and Oracle Data Mining options
JServer Release 9.2.0.5.0 - Production

SQL> SQL> 
PL/SQL procedure successfully completed.

SQL> Disconnected from Oracle9i Enterprise Edition Release 9.2.0.5.0 - 64bit Production
With the Partitioning, Real Application Clusters, OLAP and Oracle Data Mining options
JServer Release 9.2.0.5.0 - Production

SQL*Plus: Release 9.2.0.1.0 - Production on Mon Jun 19 11:58:50 2006

Copyright (c) 1982, 2002, Oracle Corporation.  All rights reserved.


Connected to:
Oracle9i Enterprise Edition Release 9.2.0.5.0 - 64bit Production
With the Partitioning, Real Application Clusters, OLAP and Oracle Data Mining options
JServer Release 9.2.0.5.0 - Production

SQL> SQL> 
PL/SQL procedure successfully completed.

SQL> Disconnected from Oracle9i Enterprise Edition Release 9.2.0.5.0 - 64bit Production
With the Partitioning, Real Application Clusters, OLAP and Oracle Data Mining options
JServer Release 9.2.0.5.0 - Production
