
CALLER_MANAGER	 CALLED_MANAGER   TO_CHAR(T.START_   COUNT(*)
---------------- ---------------- ---------------- ----------
				  20060601		23947
				  20060602		25996
				  20060603		26981
				  20060604		27307
				  20060605		26785
				  20060606		28823
				  20060607		30837
		 IRQAC		  20060601	       885029
		 IRQAC		  20060602	       835396
		 IRQAC		  20060603	       859189
		 IRQAC		  20060604	       857904

CALLER_MANAGER	 CALLED_MANAGER   TO_CHAR(T.START_   COUNT(*)
---------------- ---------------- ---------------- ----------
		 IRQAC		  20060605	       813338
		 IRQAC		  20060606	       865546
		 IRQAC		  20060607	       845530
		 IRQAT		  20060601		   98
		 IRQAT		  20060602		  103
		 IRQAT		  20060603		  108
		 IRQAT		  20060604		  165
		 IRQAT		  20060605		  164
		 IRQAT		  20060606		  210
		 IRQAT		  20060607		  296
		 IRQOR		  20060601		  195

CALLER_MANAGER	 CALLED_MANAGER   TO_CHAR(T.START_   COUNT(*)
---------------- ---------------- ---------------- ----------
		 IRQOR		  20060602		  267
		 IRQOR		  20060603		  361
		 IRQOR		  20060604		  400
		 IRQOR		  20060605		  361
		 IRQOR		  20060606		  436
		 IRQOR		  20060607		  535
IRQAC				  20060601	       131165
IRQAC				  20060602	       142321
IRQAC				  20060603	       142531
IRQAC				  20060604	       142569
IRQAC				  20060605	       145863

CALLER_MANAGER	 CALLED_MANAGER   TO_CHAR(T.START_   COUNT(*)
---------------- ---------------- ---------------- ----------
IRQAC				  20060606	       159501
IRQAC				  20060607	       164541
IRQAC		 IRQAT		  20060601		85107
IRQAC		 IRQAT		  20060602		87796
IRQAC		 IRQAT		  20060603		84404
IRQAC		 IRQAT		  20060604		80163
IRQAC		 IRQAT		  20060605		81041
IRQAC		 IRQAT		  20060606		83740
IRQAC		 IRQAT		  20060607		79709
IRQAC		 IRQOR		  20060601	       132938
IRQAC		 IRQOR		  20060602	       131881

CALLER_MANAGER	 CALLED_MANAGER   TO_CHAR(T.START_   COUNT(*)
---------------- ---------------- ---------------- ----------
IRQAC		 IRQOR		  20060603	       126721
IRQAC		 IRQOR		  20060604	       117622
IRQAC		 IRQOR		  20060605	       115192
IRQAC		 IRQOR		  20060606	       119762
IRQAC		 IRQOR		  20060607	       110719
IRQAT				  20060601		   66
IRQAT				  20060602		   61
IRQAT				  20060603		   49
IRQAT				  20060604		   83
IRQAT				  20060605		  100
IRQAT				  20060606		   92

CALLER_MANAGER	 CALLED_MANAGER   TO_CHAR(T.START_   COUNT(*)
---------------- ---------------- ---------------- ----------
IRQAT				  20060607		   87
IRQAT		 IRQAC		  20060601		64331
IRQAT		 IRQAC		  20060602		62136
IRQAT		 IRQAC		  20060603		60763
IRQAT		 IRQAC		  20060604		60728
IRQAT		 IRQAC		  20060605		61230
IRQAT		 IRQAC		  20060606		63765
IRQAT		 IRQAC		  20060607		61287
IRQOR				  20060601		   20
IRQOR				  20060602		   32
IRQOR				  20060603		   28

CALLER_MANAGER	 CALLED_MANAGER   TO_CHAR(T.START_   COUNT(*)
---------------- ---------------- ---------------- ----------
IRQOR				  20060604		   21
IRQOR				  20060605		   40
IRQOR				  20060606		   21
IRQOR				  20060607		   25
IRQOR		 IRQAC		  20060601		74144
IRQOR		 IRQAC		  20060602		73343
IRQOR		 IRQAC		  20060603		71478
IRQOR		 IRQAC		  20060604		64464
IRQOR		 IRQAC		  20060605		63846
IRQOR		 IRQAC		  20060606		66664
IRQOR		 IRQAC		  20060607		61992

77 rows selected.


CALLER_MANAGER	 CALLED_MANAGER   TO_CHAR(T.START_   COUNT(*)
---------------- ---------------- ---------------- ----------
				  20060608		33079
				  20060609		33997
				  20060610		35616
				  20060611		36128
				  20060612		40484
				  20060613		39186
				  20060614		36744
		 IRQAC		  20060608	       831808
		 IRQAC		  20060609	       795159
		 IRQAC		  20060610	       837437
		 IRQAC		  20060611	       927873

CALLER_MANAGER	 CALLED_MANAGER   TO_CHAR(T.START_   COUNT(*)
---------------- ---------------- ---------------- ----------
		 IRQAC		  20060612	       923749
		 IRQAC		  20060613	       901249
		 IRQAC		  20060614	       872924
		 IRQAT		  20060608		  290
		 IRQAT		  20060609		  394
		 IRQAT		  20060610		  401
		 IRQAT		  20060611		  400
		 IRQAT		  20060612		  341
		 IRQAT		  20060613		  342
		 IRQAT		  20060614		  411
		 IRQOR		  20060608		  594

CALLER_MANAGER	 CALLED_MANAGER   TO_CHAR(T.START_   COUNT(*)
---------------- ---------------- ---------------- ----------
		 IRQOR		  20060609		  656
		 IRQOR		  20060610		  693
		 IRQOR		  20060611		  725
		 IRQOR		  20060612		  781
		 IRQOR		  20060613		  831
		 IRQOR		  20060614		  952
IRQAC				  20060608	       161659
IRQAC				  20060609	       167962
IRQAC				  20060610	       170542
IRQAC				  20060611	       164057
IRQAC				  20060612	       159664

CALLER_MANAGER	 CALLED_MANAGER   TO_CHAR(T.START_   COUNT(*)
---------------- ---------------- ---------------- ----------
IRQAC				  20060613	       157205
IRQAC				  20060614	       162800
IRQAC		 IRQAT		  20060608		77739
IRQAC		 IRQAT		  20060609		74840
IRQAC		 IRQAT		  20060610		73175
IRQAC		 IRQAT		  20060611		71216
IRQAC		 IRQAT		  20060612		72277
IRQAC		 IRQAT		  20060613		71197
IRQAC		 IRQAT		  20060614		71442
IRQAC		 IRQOR		  20060608		98290
IRQAC		 IRQOR		  20060609		92700

CALLER_MANAGER	 CALLED_MANAGER   TO_CHAR(T.START_   COUNT(*)
---------------- ---------------- ---------------- ----------
IRQAC		 IRQOR		  20060610		91188
IRQAC		 IRQOR		  20060611		94023
IRQAC		 IRQOR		  20060612		95021
IRQAC		 IRQOR		  20060613		87723
IRQAC		 IRQOR		  20060614		98115
IRQAT				  20060608		  145
IRQAT				  20060609		  121
IRQAT				  20060610		  167
IRQAT				  20060611		  179
IRQAT				  20060612		  142
IRQAT				  20060613		  176

CALLER_MANAGER	 CALLED_MANAGER   TO_CHAR(T.START_   COUNT(*)
---------------- ---------------- ---------------- ----------
IRQAT				  20060614		  177
IRQAT		 IRQAC		  20060608		59636
IRQAT		 IRQAC		  20060609		56242
IRQAT		 IRQAC		  20060610		57269
IRQAT		 IRQAC		  20060611		53524
IRQAT		 IRQAC		  20060612		54384
IRQAT		 IRQAC		  20060613		51978
IRQAT		 IRQAC		  20060614		46304
IRQOR				  20060608		   20
IRQOR				  20060609		   22
IRQOR				  20060610		   11

CALLER_MANAGER	 CALLED_MANAGER   TO_CHAR(T.START_   COUNT(*)
---------------- ---------------- ---------------- ----------
IRQOR				  20060611		   28
IRQOR				  20060612		   23
IRQOR				  20060613		   27
IRQOR				  20060614		   36
IRQOR		 IRQAC		  20060608		52990
IRQOR		 IRQAC		  20060609		53743
IRQOR		 IRQAC		  20060610		53316
IRQOR		 IRQAC		  20060611		57255
IRQOR		 IRQAC		  20060612		57314
IRQOR		 IRQAC		  20060613		49053
IRQOR		 IRQAC		  20060614		60714

77 rows selected.


CALLER_MANAGER	 CALLED_MANAGER   TO_CHAR(T.START_   COUNT(*)
---------------- ---------------- ---------------- ----------
				  20060615		40122
				  20060616		42725
				  20060617		41272
				  20060618		36567
				  20060619		37792
				  20060620		39361
				  20060621		40651
		 IRQAC		  20060615	       888186
		 IRQAC		  20060616	       853355
		 IRQAC		  20060617	       877997
		 IRQAC		  20060618	       896271

CALLER_MANAGER	 CALLED_MANAGER   TO_CHAR(T.START_   COUNT(*)
---------------- ---------------- ---------------- ----------
		 IRQAC		  20060619	       902403
		 IRQAC		  20060620	       907830
		 IRQAC		  20060621	       922606
		 IRQAT		  20060615		  347
		 IRQAT		  20060616		  406
		 IRQAT		  20060617		  435
		 IRQAT		  20060618		  482
		 IRQAT		  20060619		  519
		 IRQAT		  20060620		  526
		 IRQAT		  20060621		  514
		 IRQOR		  20060615		  977

CALLER_MANAGER	 CALLED_MANAGER   TO_CHAR(T.START_   COUNT(*)
---------------- ---------------- ---------------- ----------
		 IRQOR		  20060616		  953
		 IRQOR		  20060617		  821
		 IRQOR		  20060618		  943
		 IRQOR		  20060619		 1027
		 IRQOR		  20060620		 1035
		 IRQOR		  20060621		 1130
IRQAC				  20060615	       166811
IRQAC				  20060616	       171732
IRQAC				  20060617	       166703
IRQAC				  20060618	       171027
IRQAC				  20060619	       175626

CALLER_MANAGER	 CALLED_MANAGER   TO_CHAR(T.START_   COUNT(*)
---------------- ---------------- ---------------- ----------
IRQAC				  20060620	       178023
IRQAC				  20060621	       177429
IRQAC		 IRQAT		  20060615		71993
IRQAC		 IRQAT		  20060616		71348
IRQAC		 IRQAT		  20060617		68976
IRQAC		 IRQAT		  20060618		68257
IRQAC		 IRQAT		  20060619		69707
IRQAC		 IRQAT		  20060620		69697
IRQAC		 IRQAT		  20060621		71942
IRQAC		 IRQOR		  20060615		96416
IRQAC		 IRQOR		  20060616		93741

CALLER_MANAGER	 CALLED_MANAGER   TO_CHAR(T.START_   COUNT(*)
---------------- ---------------- ---------------- ----------
IRQAC		 IRQOR		  20060617		91664
IRQAC		 IRQOR		  20060618		95174
IRQAC		 IRQOR		  20060619		95055
IRQAC		 IRQOR		  20060620		96702
IRQAC		 IRQOR		  20060621		93547
IRQAT				  20060615		  170
IRQAT				  20060616		  171
IRQAT				  20060617		  215
IRQAT				  20060618		  267
IRQAT				  20060619		  250
IRQAT				  20060620		  252

CALLER_MANAGER	 CALLED_MANAGER   TO_CHAR(T.START_   COUNT(*)
---------------- ---------------- ---------------- ----------
IRQAT				  20060621		  226
IRQAT		 IRQAC		  20060615		53446
IRQAT		 IRQAC		  20060616		52360
IRQAT		 IRQAC		  20060617		51721
IRQAT		 IRQAC		  20060618		53502
IRQAT		 IRQAC		  20060619		53275
IRQAT		 IRQAC		  20060620		52848
IRQAT		 IRQAC		  20060621		47259
IRQOR				  20060615		   32
IRQOR				  20060616		   15
IRQOR				  20060617		   24

CALLER_MANAGER	 CALLED_MANAGER   TO_CHAR(T.START_   COUNT(*)
---------------- ---------------- ---------------- ----------
IRQOR				  20060618		   34
IRQOR				  20060619		   14
IRQOR				  20060620		   19
IRQOR				  20060621		   23
IRQOR		 IRQAC		  20060615		60167
IRQOR		 IRQAC		  20060616		59447
IRQOR		 IRQAC		  20060617		55145
IRQOR		 IRQAC		  20060618		59054
IRQOR		 IRQAC		  20060619		59956
IRQOR		 IRQAC		  20060620		59610
IRQOR		 IRQAC		  20060621		57061

77 rows selected.


CALLER_MANAGER	 CALLED_MANAGER   TO_CHAR(T.START_   COUNT(*)
---------------- ---------------- ---------------- ----------
				  20060515		94737
				  20060516		66085
				  20060517		15914
				  20060518		15108
				  20060519		16766
				  20060520		16606
				  20060521		17352
		 IRQAC		  20060515	       403953
		 IRQAC		  20060516	       587290
		 IRQAC		  20060517	       869381
		 IRQAC		  20060518	       884452

CALLER_MANAGER	 CALLED_MANAGER   TO_CHAR(T.START_   COUNT(*)
---------------- ---------------- ---------------- ----------
		 IRQAC		  20060519	       842817
		 IRQAC		  20060520	       877851
		 IRQAC		  20060521	       864422
		 IRQAT		  20060515		48457
		 IRQAT		  20060516		31462
		 IRQAT		  20060517		   18
		 IRQAT		  20060518		   11
		 IRQAT		  20060519		    6
		 IRQAT		  20060520		   12
		 IRQAT		  20060521		   10
		 IRQOR		  20060515		11363

CALLER_MANAGER	 CALLED_MANAGER   TO_CHAR(T.START_   COUNT(*)
---------------- ---------------- ---------------- ----------
		 IRQOR		  20060516		 6197
		 IRQOR		  20060517		   13
		 IRQOR		  20060518		   38
		 IRQOR		  20060519		   19
		 IRQOR		  20060520		   24
		 IRQOR		  20060521		   31
IRQAC				  20060515		49285
IRQAC				  20060516		78471
IRQAC				  20060517	       100416
IRQAC				  20060518	       116057
IRQAC				  20060519	       150908

CALLER_MANAGER	 CALLED_MANAGER   TO_CHAR(T.START_   COUNT(*)
---------------- ---------------- ---------------- ----------
IRQAC				  20060520	       150101
IRQAC				  20060521	       143652
IRQAC		 IRQAC		  20060515	       530622
IRQAC		 IRQAC		  20060516	       348062
IRQAC		 IRQAT		  20060515		43676
IRQAC		 IRQAT		  20060516		57054
IRQAC		 IRQAT		  20060517		86606
IRQAC		 IRQAT		  20060518		83756
IRQAC		 IRQAT		  20060519		81019
IRQAC		 IRQAT		  20060520		79066
IRQAC		 IRQAT		  20060521		77296

CALLER_MANAGER	 CALLED_MANAGER   TO_CHAR(T.START_   COUNT(*)
---------------- ---------------- ---------------- ----------
IRQAC		 IRQOR		  20060515	       131820
IRQAC		 IRQOR		  20060516	       134572
IRQAC		 IRQOR		  20060517	       139966
IRQAC		 IRQOR		  20060518	       118037
IRQAC		 IRQOR		  20060519	       108013
IRQAC		 IRQOR		  20060520	       105453
IRQAC		 IRQOR		  20060521	       103244
IRQAT				  20060515		    2
IRQAT				  20060516		   13
IRQAT				  20060517		   27
IRQAT				  20060518		   31

CALLER_MANAGER	 CALLED_MANAGER   TO_CHAR(T.START_   COUNT(*)
---------------- ---------------- ---------------- ----------
IRQAT				  20060519		    6
IRQAT				  20060520		   16
IRQAT				  20060521		    9
IRQAT		 IRQAC		  20060515		62192
IRQAT		 IRQAC		  20060516		56572
IRQAT		 IRQAC		  20060517		49057
IRQAT		 IRQAC		  20060518		47966
IRQAT		 IRQAC		  20060519		48671
IRQAT		 IRQAC		  20060520		49689
IRQAT		 IRQAC		  20060521		48570
IRQOR				  20060515		   13

CALLER_MANAGER	 CALLED_MANAGER   TO_CHAR(T.START_   COUNT(*)
---------------- ---------------- ---------------- ----------
IRQOR				  20060516		   31
IRQOR				  20060517		   36
IRQOR				  20060518		   19
IRQOR				  20060519		   53
IRQOR				  20060520		   11
IRQOR				  20060521		   27
IRQOR		 IRQAC		  20060515		58153
IRQOR		 IRQAC		  20060516		55305
IRQOR		 IRQAC		  20060517		52444
IRQOR		 IRQAC		  20060518		44893
IRQOR		 IRQAC		  20060519		54365

CALLER_MANAGER	 CALLED_MANAGER   TO_CHAR(T.START_   COUNT(*)
---------------- ---------------- ---------------- ----------
IRQOR		 IRQAC		  20060520		52885
IRQOR		 IRQAC		  20060521		48349
IRQOR		 IRQOR		  20060515		    4
IRQOR		 IRQOR		  20060516		    1

81 rows selected.

SP2-0734: unknown command beginning "from bill_..." - rest of line ignored.
SP2-0734: unknown command beginning "and t.star..." - rest of line ignored.
SP2-0734: unknown command beginning "and t.star..." - rest of line ignored.
SP2-0734: unknown command beginning "group by t..." - rest of line ignored.
SP2-0044: For a list of known commands enter HELP
and to leave enter EXIT.
select t.caller_manager, t.called_manager, to_char(t.start_time, 'yyyymmdd'), count(*)
                                                                                     *
ERROR at line 1:
ORA-00923: FROM keyword not found where expected


