
227012 rows deleted.


Commit complete.


Commit complete.


999999 rows deleted.


Commit complete.


999999 rows deleted.


Commit complete.


999999 rows deleted.


Commit complete.


999999 rows deleted.


Commit complete.


999999 rows deleted.


Commit complete.


999999 rows deleted.


Commit complete.


999999 rows deleted.


Commit complete.


999999 rows deleted.


Commit complete.

  delete from  bill_s_inter where to_char( start_time,'yyyymm') <= '200609' and rownum<1000000
*
ERROR at line 1:
ORA-01555: snapshot too old: rollback segment number 20 with name "_SYSSMU20$"
too small



Commit complete.

  delete from  bill_s_inter where to_char( start_time,'yyyymm') <= '200609' and rownum<1000000
*
ERROR at line 1:
ORA-01555: snapshot too old: rollback segment number 13 with name "_SYSSMU13$"
too small



Commit complete.

  delete from  bill_s_inter where to_char( start_time,'yyyymm') <= '200609' and rownum<1000000
*
ERROR at line 1:
ORA-01555: snapshot too old: rollback segment number 17 with name "_SYSSMU17$"
too small



Commit complete.


0 rows deleted.


Commit complete.


0 rows deleted.


Commit complete.


0 rows deleted.


Commit complete.


0 rows deleted.


Commit complete.


0 rows deleted.


Commit complete.


0 rows deleted.


Commit complete.


0 rows deleted.


Commit complete.


0 rows deleted.


Commit complete.


0 rows deleted.


Commit complete.


0 rows deleted.


Commit complete.


0 rows deleted.


Commit complete.


0 rows deleted.


Commit complete.


0 rows deleted.


Commit complete.


0 rows deleted.


Commit complete.


0 rows deleted.


Commit complete.


0 rows deleted.


Commit complete.


0 rows deleted.


Commit complete.


0 rows deleted.


Commit complete.


0 rows deleted.


Commit complete.


0 rows deleted.


Commit complete.


0 rows deleted.


Commit complete.


0 rows deleted.


Commit complete.


0 rows deleted.


Commit complete.


0 rows deleted.


Commit complete.


0 rows deleted.


Commit complete.


0 rows deleted.


Commit complete.


0 rows deleted.


Commit complete.


0 rows deleted.


Commit complete.


0 rows deleted.


Commit complete.


0 rows deleted.


Commit complete.


0 rows deleted.


Commit complete.


0 rows deleted.


Commit complete.


0 rows deleted.


Commit complete.


0 rows deleted.


Commit complete.


0 rows deleted.


Commit complete.


0 rows deleted.


Commit complete.


0 rows deleted.


Commit complete.


0 rows deleted.


Commit complete.


0 rows deleted.


Commit complete.


0 rows deleted.


Commit complete.


0 rows deleted.


Commit complete.


0 rows deleted.


Commit complete.


0 rows deleted.


Commit complete.


0 rows deleted.


Commit complete.


0 rows deleted.


Commit complete.


0 rows deleted.


Commit complete.


0 rows deleted.


Commit complete.


0 rows deleted.


Commit complete.


0 rows deleted.


Commit complete.


0 rows deleted.


Commit complete.


0 rows deleted.


Commit complete.


0 rows deleted.


Commit complete.


0 rows deleted.


Commit complete.


0 rows deleted.


Commit complete.


600733 rows deleted.


Commit complete.


0 rows deleted.


Commit complete.


0 rows deleted.


Commit complete.


0 rows deleted.


Commit complete.


0 rows deleted.


Commit complete.


0 rows deleted.


Commit complete.


0 rows deleted.


Commit complete.


0 rows deleted.


Commit complete.


Commit complete.

