
No of Calls TRUNKIN		  No of Min
----------- -------------------- ----------
    1893671 10			 18405869.6
   23287348 1000		 36391714.9
    1437923 120 		 13911649.4
     529275 130 		 4268419.53
     962063 140 		 6969373.55
    3244455 1430		 10661803.1
    3029352 150 		 14444761.6
     804988 170 		  7446852.2
    1194007 200 		 8080139.37
     269345 210 		 3017543.93
     141034 220 		 1674340.73

No of Calls TRUNKIN		  No of Min
----------- -------------------- ----------
     142223 230 		  1565510.6
   28895687 380 		 48058405.5
   18428202 400 		 64198551.1
    7579648 420 		 14992232.1
       1336 51			 17111.8833
     407295 530 		 4216133.82
   18275485 6			 26710452.8
  107581751 65535		  191466822
    4311881 71			 28241067.5
     814874 720 		 6184866.17
     434770 725 		 2690197.75

No of Calls TRUNKIN		  No of Min
----------- -------------------- ----------
    3877862 81			   32813735
   10129675 90			 16419284.7
   85061081				  0

25 rows selected.

