
No of Calls TRUNKOUT		  No of Min
----------- -------------------- ----------
    2479436 10			  7744208.7
   25235665 1000		 35436992.3
     458992 120 		 981287.317
      84963 130 		 234905.067
      88516 140 		 102313.483
    2421170 1430		 6179844.37
      25329 150 		 41603.7167
     218716 171 		 282175.267
      99282 180 		   173645.2
      18096 190 		    32384.2
      31877 200 		 38120.3167

No of Calls TRUNKOUT		  No of Min
----------- -------------------- ----------
      48709 211 		 94711.1833
      38169 221 		 66683.2167
      56746 231 		 87497.8833
   30340180 380 		 60622214.4
    7448005 400 		 9341851.27
    4309187 420 		 7269513.87
	116 52				199
     235556 531 		 359723.483
   11209241 6			 16302354.5
  130092399 65535		  371380017
    1834927 70			 3053985.95

No of Calls TRUNKOUT		  No of Min
----------- -------------------- ----------
      62737 720 		   66660.15
      46279 725 		 40459.8333
    1021591 80			 1515079.77
   19768266 90			 41398407.2
   85061081				  0

27 rows selected.

